number,value,datetime_start,datetime_complete,duration,params_alpha,params_alpha_mult,params_lmbda,params_lr,params_weight_decay,user_attrs_Corr distance,user_attrs_Corr spearman dist,user_attrs_Mean KL,user_attrs_Mean WD,state
0,3.4465820705557264,2026-03-29 09:54:08.912509,2026-03-29 09:56:52.112269,0 days 00:02:43.199760,0.037072714236301714,0.9419928531742862,0.110095026893838,0.002845160471979232,0.04388661896159211,3.4465820705557264,5.18053148183318,0.21534906741326118,0.35123809523809524,COMPLETE
1,3.5459998952563088,2026-03-29 09:56:52.112513,2026-03-29 09:59:36.057916,0 days 00:02:43.945403,0.01177689483963763,0.8390012197158101,0.07166260729289824,0.004252997253802708,0.010641437717511979,3.5459998952563088,4.6780234609645035,0.2225658281172297,0.4082051282051283,COMPLETE
2,3.411507825887013,2026-03-29 09:59:36.058105,2026-03-29 10:02:19.680963,0 days 00:02:43.622858,0.04409108960956673,0.892532942010737,0.01242891928239505,0.0030289285567853706,0.005055731794401228,3.411507825887013,5.020860710919242,0.22019621804667117,0.43197069597069593,COMPLETE
3,3.755822911828471,2026-03-29 10:02:19.681152,2026-03-29 10:05:02.347380,0 days 00:02:42.666228,0.019101987449775964,0.8672152420847219,0.11837193354623986,0.001986943939417947,0.032891114072524825,3.755822911828471,5.259842659816873,0.2503956801996589,0.38731135531135535,COMPLETE
4,3.467309341069338,2026-03-29 10:05:02.347598,2026-03-29 10:07:45.801099,0 days 00:02:43.453501,0.029730082018524923,0.901264857932798,0.12356840615853719,0.006416326066916175,0.0036217584054535597,3.467309341069338,5.453274434788481,0.24455258343423383,0.49743589743589745,COMPLETE
5,3.250945575121587,2026-03-29 10:07:45.801288,2026-03-29 10:10:29.883675,0 days 00:02:44.082387,0.05465944608110943,0.9591009235725549,0.03298536306272278,0.0010980459775562607,0.0033725609821815303,3.250945575121587,4.656825869788189,0.2258221628005368,0.4369230769230769,COMPLETE
6,3.4012715879566837,2026-03-29 10:10:29.883851,2026-03-29 10:13:13.379082,0 days 00:02:43.495231,0.010166092405288993,0.8787540058236976,0.02637950995615488,0.00241367582934177,0.0019835045221765013,3.4012715879566837,5.160685590784261,0.2390143203110283,0.35097435897435897,COMPLETE
7,3.4971005749501365,2026-03-29 10:13:13.379271,2026-03-29 10:15:42.979711,0 days 00:02:29.600440,0.03955312714261379,0.9785716138857715,0.016797886729220144,0.0039969702879134395,0.006690413234476148,3.4971005749501365,5.131689129107812,0.23533546473477776,0.42631501831501833,COMPLETE
8,3.4088276695868176,2026-03-29 10:15:42.979883,2026-03-29 10:18:03.815109,0 days 00:02:20.835226,0.04588363900503158,0.9520959881223666,0.13176830421331134,0.001502194030098991,0.040359788470845544,3.4088276695868176,4.726698260927158,0.22879794337846557,0.39824175824175834,COMPLETE
9,3.385544235913621,2026-03-29 10:18:03.815302,2026-03-29 10:20:24.314313,0 days 00:02:20.499011,0.03590471963970695,0.9484494768155467,0.06102383279578219,0.0026124142491533615,0.04485170034746718,3.385544235913621,4.994413043082284,0.22171604331623793,0.40328205128205125,COMPLETE
10,3.4172287490035473,2026-03-29 10:20:24.314527,2026-03-29 10:22:44.741775,0 days 00:02:20.427248,0.09024190875094508,0.8320789780349516,0.03316626711002333,0.0010720190944003628,0.001003026043900782,3.4172287490035473,4.846712791216642,0.22585895707338507,0.41113553113553114,COMPLETE
11,3.2031746250362914,2026-03-29 10:22:44.741965,2026-03-29 10:25:16.955516,0 days 00:02:32.213551,0.07197288820934715,0.9353311615723036,0.05714483698457958,0.0011139859148244018,0.01192943837193599,3.2031746250362914,4.708567513762614,0.2157027093352155,0.4000879120879121,COMPLETE
12,3.440821661164693,2026-03-29 10:25:16.955708,2026-03-29 10:27:49.975237,0 days 00:02:33.019529,0.08147859310894541,0.9237164485117786,0.05351787581988012,0.0010738004535418332,0.014675450725020817,3.440821661164693,4.764963323769003,0.22061741569269624,0.3865201465201465,COMPLETE
13,3.261119647592459,2026-03-29 10:27:49.975412,2026-03-29 10:30:39.833041,0 days 00:02:49.857629,0.06379961983938319,0.9671578762742189,0.023700800366518865,0.0015211102160436068,0.01607390600920695,3.261119647592459,5.997089641535663,0.2747489586751077,0.5476043956043956,COMPLETE
14,3.4095897971694424,2026-03-29 10:30:39.833216,2026-03-29 10:33:29.984297,0 days 00:02:50.151081,0.06065347423820763,0.9226809506148622,0.04303140925035389,0.0014522114993823143,0.003036556478969608,3.4095897971694424,4.670539858968427,0.18641901471304262,0.3559267399267399,COMPLETE
15,3.5606600778695245,2026-03-29 10:33:29.984503,2026-03-29 10:36:19.605798,0 days 00:02:49.621295,0.024590032410351507,0.9282387907991715,0.07939112796484289,0.001008787421395146,0.0015506856043523052,3.5606600778695245,5.0161494399838125,0.25753331755779496,0.4497582417582417,COMPLETE
16,3.5850707193392854,2026-03-29 10:36:19.605972,2026-03-29 10:39:14.944873,0 days 00:02:55.338901,0.05779934172930516,0.8049607957089877,0.03951028358366118,0.0017420396654705622,0.00959833278435023,3.5850707193392854,4.666907651449987,0.20558645471030862,0.3854065934065934,COMPLETE
17,3.3939157193080303,2026-03-29 10:39:14.945061,2026-03-29 10:42:05.586520,0 days 00:02:50.641459,0.0978151876913502,0.9060755900969857,0.02215003743802065,0.0012844032038229719,0.021911848293262728,3.3939157193080303,4.657825356403593,0.20263267373958724,0.40383882783882785,COMPLETE
18,3.5471964386567887,2026-03-29 10:42:05.586695,2026-03-29 10:44:57.998240,0 days 00:02:52.411545,0.07490586980810043,0.9657042770560803,0.010075721757568021,0.00212718023362545,0.005122908444593401,3.5471964386567887,5.115246624926613,0.22340220679633255,0.407941391941392,COMPLETE
19,3.3692804569002304,2026-03-29 10:44:57.998413,2026-03-29 10:47:48.392860,0 days 00:02:50.394447,0.05411494008301821,0.9378599476069417,0.05031835944682004,0.007607434851008358,0.0026548403291686514,3.3692804569002304,4.310799815119637,0.1700555418383011,0.36808791208791214,COMPLETE
20,3.316949720198397,2026-03-29 10:47:48.393051,2026-03-29 10:50:41.278107,0 days 00:02:52.885056,0.07007992159717523,0.9786195040882195,0.030729626901389053,0.0012046671547504262,0.007659520810000278,3.316949720198397,4.590382374831033,0.20942801516018902,0.41582417582417586,COMPLETE
21,3.416587098542245,2026-03-29 10:50:41.278287,2026-03-29 10:53:31.849043,0 days 00:02:50.570756,0.06445353624659618,0.9605328260884092,0.020085916598045667,0.001506128402448884,0.015089934538367709,3.416587098542245,5.362219104623233,0.26163746576573443,0.5065787545787546,COMPLETE
22,3.4854147985308788,2026-03-29 10:53:31.849219,2026-03-29 10:56:20.890075,0 days 00:02:49.040856,0.049052504982144966,0.9644051608347832,0.02697501366024178,0.0012974447441421533,0.021283928792795184,3.4854147985308788,4.796578729384251,0.22596980602889413,0.41556043956043964,COMPLETE
23,3.2470621215609063,2026-03-29 10:56:20.890246,2026-03-29 10:59:12.292775,0 days 00:02:51.402529,0.07562478147226764,0.9151893957902031,0.018165832980551914,0.0018154621314416376,0.0174661745202522,3.2470621215609063,4.645562162039847,0.20596450201416241,0.4031941391941392,COMPLETE
24,3.3062414699476217,2026-03-29 10:59:12.292953,2026-03-29 11:02:00.085985,0 days 00:02:47.793032,0.07874245567365629,0.910685898505288,0.015232584714568726,0.001825962534499423,0.023407563059980728,3.3062414699476217,5.083755457570169,0.21519333665686582,0.3976849816849817,COMPLETE
25,3.420453354215873,2026-03-29 11:02:00.086178,2026-03-29 11:04:49.794805,0 days 00:02:49.708627,0.09838261988670077,0.9341099561862093,0.017795526484267243,0.0016573741514116804,0.010571913463269385,3.420453354215873,4.94249970876481,0.21853372562675258,0.4827545787545787,COMPLETE
26,3.821365492231956,2026-03-29 11:04:49.794976,2026-03-29 11:07:37.372453,0 days 00:02:47.577477,0.04984727517819895,0.9121406350496303,0.08892124723870361,0.0012461817705609506,0.005119572819501264,3.821365492231956,4.7230653328590115,0.2667952175519798,0.37629304029304034,COMPLETE
27,3.6750580666001493,2026-03-29 11:07:37.372627,2026-03-29 11:10:26.398477,0 days 00:02:49.025850,0.03046844752082787,0.8640890242541109,0.03289972027521223,0.003440396844605214,0.03063795999372678,3.6750580666001493,5.648492204994336,0.26865591463746225,0.4844249084249083,COMPLETE
28,3.4891982614647,2026-03-29 11:10:26.398646,2026-03-29 11:13:11.654306,0 days 00:02:45.255660,0.08143271075778191,0.88873216242798,0.013579512505531419,0.002203766783293076,0.007111820179833097,3.4891982614647,5.038853832114638,0.23954378496572812,0.37219047619047624,COMPLETE
29,3.4296785131159098,2026-03-29 11:13:11.654474,2026-03-29 11:15:58.975648,0 days 00:02:47.321174,0.024114221400835398,0.944414036103631,0.04804008927265629,0.0011460844429462087,0.013345919618449846,3.4296785131159098,4.96943959086795,0.25371674122415006,0.4621538461538462,COMPLETE
30,3.2601206375590444,2026-03-29 11:15:58.975836,2026-03-29 11:18:48.113568,0 days 00:02:49.137732,0.03873559112696131,0.9396067936249686,0.09810377838397939,0.001330532132583035,0.0038291938264278197,3.2601206375590444,4.627899157215087,0.2130793137795054,0.3843809523809523,COMPLETE
31,3.3063747927560287,2026-03-29 11:18:48.113742,2026-03-29 11:21:36.560563,0 days 00:02:48.446821,0.039991423909142926,0.9502072162398365,0.09902214721051715,0.0013374798565805967,0.003070842736481955,3.3063747927560287,4.66382530099938,0.21991825016111727,0.3915897435897436,COMPLETE
32,3.221758594727201,2026-03-29 11:21:36.560738,2026-03-29 11:24:26.150905,0 days 00:02:49.590167,0.05508022976301499,0.9195639284527033,0.06008781383070756,0.0011521789050071036,0.004192279284813458,3.221758594727201,4.6395842839318515,0.22011022065238633,0.40817582417582426,COMPLETE
33,3.4342348023354146,2026-03-29 11:24:26.151080,2026-03-29 11:27:14.298467,0 days 00:02:48.147387,0.06978538467237151,0.9175584561008917,0.061308674048425674,0.0010008886869434996,0.00194002776168657,3.4342348023354146,4.731527572141897,0.23617316796891147,0.419897435897436,COMPLETE
34,3.2134430617317298,2026-03-29 11:27:14.298645,2026-03-29 11:30:02.610450,0 days 00:02:48.311805,0.05236940995151524,0.9292405101379354,0.06612088168407841,0.0018812162602199207,0.00876855867108882,3.2134430617317298,4.418662497686675,0.18352012150836736,0.3558095238095238,COMPLETE
35,3.3838988111090536,2026-03-29 11:30:02.610630,2026-03-29 11:32:51.337573,0 days 00:02:48.726943,0.01418263696516835,0.8949079522763457,0.06559186736522098,0.0019240926788288927,0.008235206708748164,3.3838988111090536,4.606928282856523,0.22731143211275046,0.4128058608058608,COMPLETE
36,3.5118996504772673,2026-03-29 11:32:51.337746,2026-03-29 11:35:40.481911,0 days 00:02:49.144165,0.08832834277427423,0.9301848006978335,0.07926255477878483,0.002999051369303562,0.018850288624573514,3.5118996504772673,4.531062166680178,0.21252528913375301,0.33764102564102566,COMPLETE
37,3.4379582551045895,2026-03-29 11:35:40.482087,2026-03-29 11:38:27.645703,0 days 00:02:47.163616,0.05354253475684622,0.8798524382755434,0.06962697405337286,0.0022473560272700532,0.012626783320346191,3.4379582551045895,4.859648015950488,0.20177031477764518,0.39859340659340653,COMPLETE
38,3.3206800057351478,2026-03-29 11:38:27.645876,2026-03-29 11:41:19.482077,0 days 00:02:51.836201,0.04367464250466418,0.899758671585296,0.045985699036287755,0.001654632734743399,0.005910622303053594,3.3206800057351478,4.658484819014043,0.21077919936054967,0.39985347985347974,COMPLETE
39,3.0560844272539343,2026-03-29 11:41:19.482278,2026-03-29 11:44:13.515392,0 days 00:02:54.033114,0.07078963513646015,0.9168890526750665,0.05688428168206277,0.005274569464155495,0.009420231347761807,3.0560844272539343,4.404285027258825,0.20914418237101515,0.3969230769230768,COMPLETE
40,3.04685317028711,2026-03-29 11:44:13.515572,2026-03-29 11:47:06.488620,0 days 00:02:52.973048,0.03456450979023378,0.862612082982317,0.054657069319368104,0.006584351270552669,0.009563097351665035,3.04685317028711,5.683285468485082,0.26475405487927495,0.4936849816849817,COMPLETE
41,3.519804705459156,2026-03-29 11:47:06.488792,2026-03-29 11:50:00.863609,0 days 00:02:54.374817,0.03297718078801514,0.8541461024518747,0.05420095796001118,0.005338520257361935,0.009755854347185042,3.519804705459156,4.553152753833843,0.18978554359955377,0.33418315018315015,COMPLETE
42,3.825963487942052,2026-03-29 11:50:00.863787,2026-03-29 11:52:54.681804,0 days 00:02:53.818017,0.04459165021085936,0.8517759254536291,0.14807684269759808,0.005393934632527353,0.004278255799889575,3.825963487942052,4.854788954419182,0.2979195509098647,0.4412014652014652,COMPLETE
43,3.2894251578899465,2026-03-29 11:52:54.681977,2026-03-29 11:55:48.813440,0 days 00:02:54.131463,0.025572936026471777,0.87625810109097,0.05517432673387684,0.0075547335082281,0.011712262847505945,3.2894251578899465,6.092280039043027,0.2975773475025728,0.5365860805860805,COMPLETE
44,3.545516437876342,2026-03-29 11:55:48.813621,2026-03-29 11:58:40.953522,0 days 00:02:52.139901,0.06686812037002685,0.8235953814449669,0.07630403392870995,0.0060064395879380434,0.008595056253512172,3.545516437876342,5.822662684182424,0.32929234662834617,0.6262564102564103,COMPLETE
45,3.4595681661586197,2026-03-29 11:58:40.953696,2026-03-29 12:01:35.335369,0 days 00:02:54.381673,0.018661745231600486,0.884768640024763,0.04121146114260316,0.003995127954943072,0.006684656766237643,3.4595681661586197,5.821513362705433,0.26964692066934043,0.49128205128205127,COMPLETE
46,3.152496213358657,2026-03-29 12:01:35.335544,2026-03-29 12:04:29.493930,0 days 00:02:54.158386,0.058679307083324646,0.922911870301359,0.06140162516952244,0.004700976385454017,0.005862455099535436,3.152496213358657,5.089082343969836,0.25616877232669966,0.5097435897435896,COMPLETE
47,3.1365760125793707,2026-03-29 12:04:29.494154,2026-03-29 12:07:24.435716,0 days 00:02:54.941562,0.034667550165168384,0.9279983123341221,0.037699412645303715,0.00468208594852717,0.005940650212859303,3.1365760125793707,4.237662826898345,0.20576863011284208,0.4004102564102564,COMPLETE
48,3.394076669345184,2026-03-29 12:07:24.435892,2026-03-29 12:10:16.927414,0 days 00:02:52.491522,0.027399511879808807,0.8980025987266935,0.036472840750790964,0.004584031194799715,0.006074502339056775,3.394076669345184,6.644791262500856,0.31380742508491305,0.5444395604395604,COMPLETE
49,3.8670289502719197,2026-03-29 12:10:16.927588,2026-03-29 12:13:11.365861,0 days 00:02:54.438273,0.022105728689221324,0.9556340904130598,0.045041805027967716,0.004632720184084382,0.011104560021830074,3.8670289502719197,6.326241930778121,0.2960827535619669,0.4751355311355311,COMPLETE
50,3.4511284282229995,2026-03-29 12:13:11.366036,2026-03-29 12:16:05.923174,0 days 00:02:54.557138,0.03548254569670488,0.9067280923327627,0.03624562644154485,0.006870457086842894,0.005339913214121292,3.4511284282229995,5.828499781414967,0.2456661945329348,0.467985347985348,COMPLETE
51,2.964672547072662,2026-03-29 12:16:05.923346,2026-03-29 12:19:01.276473,0 days 00:02:55.353127,0.05873991654294587,0.928013890561499,0.06782077036048736,0.00541389036125277,0.008775932695733348,2.964672547072662,5.763606017785805,0.2545762434960813,0.5011575091575091,COMPLETE
52,2.970554354323767,2026-03-29 12:19:01.276644,2026-03-29 12:21:54.867674,0 days 00:02:53.591030,0.06086947311403758,0.943450790357406,0.08658995063528763,0.0054809506901857446,0.007035732777322911,2.970554354323767,4.7708506115864155,0.23036770540922505,0.4606593406593408,COMPLETE
53,3.1273185040290885,2026-03-29 12:21:54.867941,2026-03-29 12:24:48.369383,0 days 00:02:53.501442,0.06030539979897502,0.9466438134080736,0.08614847877291969,0.005738829419668261,0.006373249497315785,3.1273185040290885,4.493867120609389,0.18384826957940267,0.384937728937729,COMPLETE
54,3.4740720891482515,2026-03-29 12:24:48.369554,2026-03-29 12:27:41.954136,0 days 00:02:53.584582,0.0415461551260571,0.9438652710263097,0.11239245595270363,0.005881096471785747,0.007383649979108553,3.4740720891482515,5.552367730569282,0.31593924254971034,0.56210989010989,COMPLETE
55,3.388705481993346,2026-03-29 12:27:41.954308,2026-03-29 12:30:34.929066,0 days 00:02:52.974758,0.032484803108756684,0.9719409886486214,0.08537056092638283,0.005243773023448255,0.00459724588482542,3.388705481993346,5.153115459992033,0.24605463193884,0.48102564102564105,COMPLETE
56,3.5586425909689874,2026-03-29 12:30:34.929238,2026-03-29 12:33:31.197382,0 days 00:02:56.268144,0.06202827143850098,0.9489561178963098,0.09686891178027383,0.006601134187375363,0.00873225973940894,3.5586425909689874,6.338409788786877,0.28112497244513907,0.5425641025641026,COMPLETE
57,3.2824986293199805,2026-03-29 12:33:31.197561,2026-03-29 12:36:25.240770,0 days 00:02:54.043209,0.0470187580984987,0.9556912904184104,0.12605305924435892,0.0039249355644111,0.006804758949923339,3.2824986293199805,4.511176869195787,0.186329146719366,0.3408351648351648,COMPLETE
58,3.2197842807480166,2026-03-29 12:36:25.240949,2026-03-29 12:39:21.599548,0 days 00:02:56.358599,0.03510577000068787,0.9355528165116949,0.07331410633637872,0.0058910999684102724,0.010407401515800607,3.2197842807480166,4.961149139758093,0.24374479477447808,0.5015970695970696,COMPLETE
59,3.3023518977249253,2026-03-29 12:39:21.599728,2026-03-29 12:42:14.007021,0 days 00:02:52.407293,0.028494947102649982,0.9297000758274632,0.08580359704330942,0.005015193661788169,0.014229968080997397,3.3023518977249253,5.752757214394902,0.2785825743656263,0.4655824175824175,COMPLETE
60,3.361284859806903,2026-03-29 12:42:14.007198,2026-03-29 12:45:07.381010,0 days 00:02:53.373812,0.019826041151550972,0.9426934636750357,0.05004028043193079,0.007106869892440744,0.0077724301411731525,3.361284859806903,5.204155724939932,0.279237553572902,0.4736996336996337,COMPLETE
61,3.1762737477341285,2026-03-29 12:45:07.381188,2026-03-29 12:48:02.847622,0 days 00:02:55.466434,0.059616432311282185,0.9237579523745496,0.06517325610386186,0.004705922420826039,0.005848399046615168,3.1762737477341285,4.544492628755662,0.20238031281326244,0.4086739926739926,COMPLETE
62,3.462935415781071,2026-03-29 12:48:02.847814,2026-03-29 12:50:55.358733,0 days 00:02:52.510919,0.05936322888292967,0.904821827135933,0.05959919893229242,0.004199003464097998,0.006297250443487548,3.462935415781071,4.80879354462258,0.21158830624029606,0.4128644688644688,COMPLETE
63,3.3113161539605667,2026-03-29 12:50:55.358906,2026-03-29 12:53:49.358041,0 days 00:02:53.999135,0.08696479262223769,0.9252251066090784,0.07035767443510065,0.0034300113791029103,0.0048616881941187995,3.3113161539605667,4.6525906509736945,0.17664246605642636,0.35126739926739925,COMPLETE
64,3.3359498981169247,2026-03-29 12:53:49.358215,2026-03-29 12:56:43.740117,0 days 00:02:54.381902,0.06838812847831807,0.914544272751749,0.10463536261132435,0.006149325172627424,0.009335609928253365,3.3359498981169247,5.005237870924948,0.27572202404054746,0.49104761904761896,COMPLETE
65,3.3484093058171847,2026-03-29 12:56:43.740287,2026-03-29 12:59:38.891887,0 days 00:02:55.151600,0.0492804198937219,0.934620452084846,0.08720721308086943,0.005628396921248037,0.005661948938127161,3.3484093058171847,5.142706774257088,0.26028636687507883,0.4858315018315018,COMPLETE
66,3.296836952232478,2026-03-29 12:59:38.892060,2026-03-29 13:02:33.977562,0 days 00:02:55.085502,0.056718761813556555,0.8699619668175373,0.029067234000362117,0.0036057189130884195,0.003889137347122395,3.296836952232478,5.087184699834485,0.21933277773259763,0.4117509157509157,COMPLETE
67,3.376439974955273,2026-03-29 13:02:33.977743,2026-03-29 13:05:26.665687,0 days 00:02:52.687944,0.07800583837525603,0.9207181919242481,0.05223717399900607,0.0049777668727172516,0.003345241122904474,3.376439974955273,5.062188257224675,0.21988717493791954,0.49526739926739927,COMPLETE
68,3.234048289488786,2026-03-29 13:05:26.665861,2026-03-29 13:08:21.088342,0 days 00:02:54.422481,0.06403987010961566,0.8401640777654849,0.04321396620501054,0.006334396762560523,0.007576639919983708,3.234048289488786,5.975804071323658,0.28289690590819966,0.4844835164835165,COMPLETE
69,3.5262387402290982,2026-03-29 13:08:21.088513,2026-03-29 13:11:14.908253,0 days 00:02:53.819740,0.050974239816934816,0.9722800838679915,0.038342342273167206,0.004429547814082797,0.009985759593471378,3.5262387402290982,6.221892160098456,0.2825674736748835,0.5229890109890108,COMPLETE
70,3.657145407604787,2026-03-29 13:11:14.908424,2026-03-29 13:13:43.244243,0 days 00:02:28.335819,0.07346811674501015,0.9393364220146936,0.08118602409159595,0.007830824654953305,0.0026302206741290577,3.657145407604787,5.371090986954164,0.2416365377876018,0.46953846153846157,COMPLETE
71,3.1536617786913137,2026-03-29 13:13:43.244427,2026-03-29 13:16:04.420017,0 days 00:02:21.175590,0.05853213373793923,0.9238505916494283,0.06384569273003582,0.0050512549858918,0.005592441610673321,3.1536617786913137,4.7967541091545245,0.21441518897449854,0.40565567765567756,COMPLETE
72,3.3482995058337055,2026-03-29 13:16:04.420200,2026-03-29 13:18:30.769773,0 days 00:02:26.349573,0.056954312201174126,0.9111404427203488,0.057826825392974165,0.004963052785963444,0.006697061966403052,3.3482995058337055,5.109289709236751,0.21996574798400448,0.3923223443223443,COMPLETE
73,3.273945120906762,2026-03-29 13:18:30.769954,2026-03-29 13:21:10.356172,0 days 00:02:39.586218,0.06530082306652178,0.9320883616895409,0.06387205127373247,0.0056182075742830465,0.005208211549704613,3.273945120906762,5.444838989982032,0.2572680176821739,0.514051282051282,COMPLETE
74,3.7342895790981068,2026-03-29 13:21:10.356448,2026-03-29 13:24:14.300656,0 days 00:03:03.944208,0.0417004624033037,0.9510893277067174,0.0711737463994424,0.006565523337236325,0.007994087438563299,3.7342895790981068,7.2202223824534375,0.342582088119811,0.6521025641025642,COMPLETE
