number,value,datetime_start,datetime_complete,duration,params_alpha,params_alpha_mult,params_lmbda,params_lr,params_weight_decay,user_attrs_Corr distance,user_attrs_Corr spearman dist,user_attrs_Mean KL,user_attrs_Mean WD,state
75,3.945851031065873,2026-03-29 13:24:14.300871,2026-03-29 13:27:17.249632,0 days 00:03:02.948761,0.04697427284732934,0.926881260516257,0.04871308335821891,0.0070742794349949135,0.0044765544189500186,3.945851031065873,6.458884606671415,0.3435253798984037,0.6466227106227106,COMPLETE
76,3.25085795242045,2026-03-29 13:27:17.249819,2026-03-29 13:30:17.891350,0 days 00:03:00.641531,0.06167698101048455,0.9458860120830563,0.09273848506661185,0.0043182363896374434,0.006378218612741484,3.25085795242045,4.630388242753191,0.2051455175170226,0.4175238095238096,COMPLETE
77,3.4034714599986517,2026-03-29 13:30:17.891576,2026-03-29 13:33:21.964654,0 days 00:03:04.073078,0.07189560998327724,0.9211792923101052,0.07819019628725568,0.005595827612277574,0.012331093899931244,3.4034714599986517,5.6013489809517045,0.263078162417047,0.5199413919413919,COMPLETE
78,3.489127020981887,2026-03-29 13:33:21.964872,2026-03-29 13:36:26.331631,0 days 00:03:04.366759,0.08541215962241826,0.9590179600959394,0.056396456710598536,0.003753290956658432,0.005446148842267158,3.489127020981887,4.538276305894745,0.17902533467306028,0.36849816849816847,COMPLETE
79,3.3217271308331995,2026-03-29 13:36:26.331832,2026-03-29 13:39:31.835983,0 days 00:03:05.504151,0.03777383242771122,0.9395295156467736,0.06283725483696886,0.004839237420986636,0.007148005933947369,3.3217271308331995,5.114529394127811,0.2612649964277974,0.42722344322344324,COMPLETE
80,2.9933883877528515,2026-03-29 13:39:31.836186,2026-03-29 13:42:33.497868,0 days 00:03:01.661682,0.055277910495555485,0.9036401570648307,0.06857838720046815,0.0051424737490183055,0.009138387773885783,2.9933883877528515,4.609261992054696,0.21955582396810977,0.4133919413919414,COMPLETE
81,3.2711625914403077,2026-03-29 13:42:33.498109,2026-03-29 13:45:35.710336,0 days 00:03:02.212227,0.054129367448579845,0.889052553029066,0.06931128115048292,0.00512399184458302,0.009358878200500426,3.2711625914403077,4.4209250993637905,0.19661082334369911,0.3883369963369963,COMPLETE
82,3.6729234598552556,2026-03-29 13:45:35.710517,2026-03-29 13:48:36.724953,0 days 00:03:01.014436,0.0679604454829037,0.9055410812798216,0.07607714030302727,0.005703107055213045,0.010927269303801671,3.6729234598552556,6.582027558469634,0.304799958457873,0.5952527472527473,COMPLETE
83,3.4663249179244753,2026-03-29 13:48:36.725148,2026-03-29 13:51:39.411503,0 days 00:03:02.686355,0.0509444493919596,0.8946259887134064,0.0815994859569392,0.00534411050964015,0.008529130267738147,3.4663249179244753,5.699534306492731,0.2896831678064466,0.5363516483516483,COMPLETE
84,3.3527269999145077,2026-03-29 13:51:39.411737,2026-03-29 13:54:38.658318,0 days 00:02:59.246581,0.05765082087459022,0.916689378647272,0.052653081352321274,0.006298183621333298,0.004797533594765197,3.3527269999145077,4.565061031935033,0.19411535434225222,0.42842490842490843,COMPLETE
85,3.508190906163402,2026-03-29 13:54:38.658523,2026-03-29 13:56:56.949628,0 days 00:02:18.291105,0.08112293056180032,0.9106003457259106,0.10721173685364098,0.0041895029481677885,0.016304691135610692,3.508190906163402,5.030832068085836,0.19862916474904924,0.40653479853479846,COMPLETE
86,3.9715037884915834,2026-03-29 13:56:56.949801,2026-03-29 13:59:09.481625,0 days 00:02:12.531824,0.010561406492677816,0.9256033768854438,0.04702684154105586,0.002610962993877402,0.013109132989001125,3.9715037884915834,5.300168015627043,0.2711092961915799,0.47091575091575094,COMPLETE
87,3.3524068750052773,2026-03-29 13:59:09.481804,2026-03-29 14:01:13.954022,0 days 00:02:04.472218,0.015234332485968852,0.9157151363701175,0.06749784814399594,0.004449511635457049,0.007378551335921776,3.3524068750052773,4.8070453825465895,0.2325531370936401,0.41195604395604385,COMPLETE
88,3.442177703391864,2026-03-29 14:01:13.954189,2026-03-29 14:03:21.621592,0 days 00:02:07.667403,0.062057464932558516,0.8182114969024354,0.09121297814580119,0.00477343897490325,0.009226700999135869,3.442177703391864,6.239802248425901,0.28876978308326545,0.5455824175824177,COMPLETE
89,3.4766049739120106,2026-03-29 14:03:21.621770,2026-03-29 14:05:31.517810,0 days 00:02:09.896040,0.09359487453282528,0.935478193756142,0.058090837205396983,0.005418159881561583,0.008143146136947808,3.4766049739120106,5.155190585158428,0.19572706225407438,0.3618461538461538,COMPLETE
90,3.796740600947017,2026-03-29 14:05:31.517984,2026-03-29 14:07:38.228434,0 days 00:02:06.710450,0.03080404095205214,0.9019749147891476,0.0740720153538797,0.00677958156313893,0.0010796764857361298,3.796740600947017,6.052919308051792,0.3238152736577601,0.534974358974359,COMPLETE
91,3.239613449408709,2026-03-29 14:07:38.228626,2026-03-29 14:09:47.382061,0 days 00:02:09.153435,0.05925159929072759,0.9218107255310645,0.06595020492064614,0.0047127870445955004,0.005670599649506064,3.239613449408709,4.653315633522644,0.18711702690231297,0.36720879120879124,COMPLETE
92,3.2720727062771147,2026-03-29 14:09:47.382245,2026-03-29 14:11:56.629339,0 days 00:02:09.247094,0.052919620704874305,0.9307859811027838,0.06327300496448725,0.005967290495474757,0.00625235925853679,3.2720727062771147,4.703583072522444,0.20575058439674768,0.39879853479853483,COMPLETE
93,3.100155310424448,2026-03-29 14:11:56.629510,2026-03-29 14:14:07.566335,0 days 00:02:10.936825,0.06623225416664097,0.9236434841173488,0.05496881484098646,0.005186254193058249,0.007008572034633122,3.100155310424448,4.671114603150908,0.2056476175629136,0.4060073260073261,COMPLETE
94,3.474477926759809,2026-03-29 14:14:07.566517,2026-03-29 14:16:31.974453,0 days 00:02:24.407936,0.0654206029329052,0.9272640188566282,0.051277128745386036,0.005179401816325446,0.011617733566590946,3.474477926759809,4.942912168271848,0.22824755795855237,0.4508131868131868,COMPLETE
95,3.42654545086098,2026-03-29 14:16:31.974633,2026-03-29 14:18:55.899945,0 days 00:02:23.925312,0.07573289272168673,0.9078065824374142,0.04066171008284153,0.006171247984495093,0.00694321043615524,3.42654545086098,5.211382297897086,0.2730301823861819,0.5273846153846152,COMPLETE
96,3.3210174581493255,2026-03-29 14:18:55.900131,2026-03-29 14:21:10.554821,0 days 00:02:14.654690,0.0696033380392028,0.9185729033311154,0.03365765356540712,0.005466691310980503,0.004104600793920154,3.3210174581493255,5.078380822940625,0.2619134199259188,0.4762783882783883,COMPLETE
97,3.4071505114029734,2026-03-29 14:21:10.555016,2026-03-29 14:23:20.983794,0 days 00:02:10.428778,0.043438296470144536,0.9467890652070352,0.055637095578374623,0.005848838454293009,0.010195746304147988,3.4071505114029734,5.466653731066251,0.2643597106133296,0.4688644688644688,COMPLETE
98,3.158620268667731,2026-03-29 14:23:20.983968,2026-03-29 14:25:27.565340,0 days 00:02:06.581372,0.055825268238652144,0.901339728560638,0.04275055550588181,0.007304277965418739,0.008728532808250696,3.158620268667731,5.607739123251058,0.2977192173256508,0.6073260073260074,COMPLETE
99,3.2155028388252997,2026-03-29 14:25:27.565517,2026-03-29 14:27:32.108365,0 days 00:02:04.542848,0.047647901372025535,0.860671918423609,0.11511580007625408,0.00454406919288461,0.007933648635894124,3.2155028388252997,4.946090359999795,0.2588608176692375,0.46317948717948726,COMPLETE
